#
# A fatal error has been detected by the Java Runtime Environment:
#
#  SIGSEGV (0xb) at pc=0x0000007f86606a9c, pid=27444, tid=0x0000007f7402f120
#
# JRE version: OpenJDK Runtime Environment (8.0_462-b08) (build 1.8.0_462-8u462-ga~us1-0ubuntu2~22.04.2-b08)
# Java VM: OpenJDK 64-Bit Server VM (25.462-b08 mixed mode linux-aarch64 compressed oops)
# Problematic frame:
# C  [libc.so.6+0x86a9c]  __pthread_rwlock_wrlock+0x1c
#
# Failed to write core dump. Core dumps have been disabled. To enable core dumping, try "ulimit -c unlimited" before starting Java again
#
# If you would like to submit a bug report, please visit:
#   http://bugreport.java.com/bugreport/crash.jsp
#

---------------  T H R E A D  ---------------

Current thread is native thread

siginfo: si_signo: 11 (SIGSEGV), si_code: 1 (SEGV_MAPERR), si_addr: 0x0000000000000018

Registers:
R0=0x0000000000000000
R1=0x0000007f3adce34c
R2=0x0000000000000002
R3=0x0000000000000001
R4=0x0000000000000080
R5=0x0000007f3ada899c
R6=0xfc3de1144974f6a2
R7=0x0000007f400058f0
R8=0xe07638cda5d133d5
R9=0x0000000000000000
R10=0x0000000000000008
R11=0xd27abd6c03bebff2
R12=0x517b65424eb44d77
R13=0xbadb327867fc5dde
R14=0x2772d8051fcb8f6e
R15=0xb9f822ad17d0e83a
R16=0x0000007f3af002b0
R17=0x0000007f86606a80
R18=0x0000007f4000acc0
R19=0x0000000000000000
R20=0x0000000000000080
R21=0x0000007f3af04000
R22=0x0000000000000018
R23=0x0000000000000080
R24=0x0000007f3ae39000
R25=0x0000000000000007
R26=0x0000007f3ae39190
R27=0x000000000000ff00
R28=0x0000000000000000
R29=0x0000007f7402d420
R30=0x0000007f3adfcc58

Top of Stack: (sp=0x0000007f7402d420)
0x0000007f7402d420:   0000007f7402d490 0000007f3adfcc58
0x0000007f7402d430:   0000007f3af04948 0000000000000080
0x0000007f7402d440:   0000007f3af04000 0000000000000080
0x0000007f7402d450:   0000007f7402d4b0 0000007f86610bb4
0x0000007f7402d460:   0000007f7402f8e0 0000000000000020
0x0000007f7402d470:   0000000000000000 0000000000000005
0x0000007f7402d480:   0000007f40005e80 0000000000000000
0x0000007f7402d490:   0000007f7402d4a0 0000007f3adcf238
0x0000007f7402d4a0:   0000007f7402d4d0 0000007f3adcf570
0x0000007f7402d4b0:   0000000000000001 0000000000000080
0x0000007f7402d4c0:   0000007f40002e40 0000000000000080
0x0000007f7402d4d0:   0000007f7402d500 0000007f3ad2e05c
0x0000007f7402d4e0:   0000000000000001 0000007f40003450
0x0000007f7402d4f0:   0000007f40002e40 0000007f3ad2e044
0x0000007f7402d500:   0000007f7402d570 0000007f3ad2c8b8
0x0000007f7402d510:   0000007f40003450 0000007f40007b90
0x0000007f7402d520:   0000007f3ae38120 0000007f40005e80
0x0000007f7402d530:   0000000000000000 000000000000001d
0x0000007f7402d540:   0000000000000400 0000000000000005
0x0000007f7402d550:   0000007f40004d80 000000003ad2caac
0x0000007f7402d560:   0000007f40004dc8 0000000000000001
0x0000007f7402d570:   0000007f7402d620 0000007f3add81a0
0x0000007f7402d580:   0000007f40005bd0 0000000000000000
0x0000007f7402d590:   0000000000000001 0000007f40003450
0x0000007f7402d5a0:   0000000000000000 0000007f40004c10
0x0000007f7402d5b0:   0000007f40002cd0 0000000000000002
0x0000007f7402d5c0:   0000000000000000 0000000000000000
0x0000007f7402d5d0:   0000007f7402d620 0000007f3add8220
0x0000007f7402d5e0:   0000007f40005bd0 0000000000000000
0x0000007f7402d5f0:   0000000000000000 0000000000000000
0x0000007f7402d600:   000000007402d620 0000007f00000000
0x0000007f7402d610:   0000000000000001 0000000000000000 

Instructions: (pc=0x0000007f86606a9c)
0x0000007f86606a7c:   dd ff ff 17 fd 7b b9 a9 fd 03 00 91 f3 53 01 a9
0x0000007f86606a8c:   f3 03 00 aa f5 5b 02 a9 1f 20 03 d5 16 60 00 91
0x0000007f86606a9c:   c1 02 40 b9 55 d0 3b d5 b5 02 1f d1 a0 d2 40 b9
0x0000007f86606aac:   3f 00 00 6b 20 04 00 54 e1 03 13 aa 40 00 80 52 

Register to memory mapping:

R0=0x0000000000000000
R1=0x0000007f3adce34c
R2=0x0000000000000002
R3=0x0000000000000001
R4=0x0000000000000080
R5=0x0000007f3ada899c
R6=0xfc3de1144974f6a2
R7=0x0000007f400058f0
R8=0xe07638cda5d133d5
R9=0x0000000000000000
R10=0x0000000000000008
R11=0xd27abd6c03bebff2
R12=0x517b65424eb44d77
R13=0xbadb327867fc5dde
R14=0x2772d8051fcb8f6e
R15=0xb9f822ad17d0e83a
R16=0x0000007f3af002b0
R17=0x0000007f86606a80
R18=0x0000007f4000acc0
R19=0x0000000000000000
R20=0x0000000000000080
R21=0x0000007f3af04000
R22=0x0000000000000018
R23=0x0000000000000080
R24=0x0000007f3ae39000
R25=0x0000000000000007
R26=0x0000007f3ae39190
R27=0x000000000000ff00
R28=0x0000000000000000
R29=0x0000007f7402d420
R30=0x0000007f3adfcc58


Stack: [0x0000007f74010000,0x0000007f74030000],  sp=0x0000007f7402d420,  free space=117k
Native frames: (J=compiled Java code, j=interpreted, Vv=VM code, C=native code)
C  [libc.so.6+0x86a9c]  __pthread_rwlock_wrlock+0x1c
C  [libcrypto.so.1.1+0x18cc58]  CRYPTO_THREAD_write_lock+0xc
C  [libcrypto.so.1.1+0x15f238]  RAND_get_rand_method+0x3c
C  [libcrypto.so.1.1+0x15f570]  RAND_priv_bytes+0x1c
C  [libcrypto.so.1.1+0xbe05c]  BN_priv_rand+0xd8
C  [libcrypto.so.1.1+0xbc8b8]  BN_generate_prime_ex+0x35c
C  [libcrypto.so.1.1+0x1681a0]